<?xml version="1.0" encoding="UTF-8"?>
<!-- Generated by org.testng.reporters.JUnitReportReporter -->
<testsuite hostname="DESKTOP-Q94TUNC" failures="0" tests="1" name="pomProjectTAEAcademy.Test.AppTest" time="0.014" errors="0" timestamp="2023-12-11T15:25:12 ECT" skipped="0">
  <testcase classname="pomProjectTAEAcademy.Test.AppTest" name="shouldAnswerWithTrue" time="0.014"/>
  <system-out/>
</testsuite> <!-- pomProjectTAEAcademy.Test.AppTest -->
